android/app/build/intermediates/manifest_merge_blame_file/release/manifest-merger-blame-release-report.txt
1<?xml version="1.0" encoding="utf-8"?>
2<!--
3 Replace com.test.game with the identifier of your game below, e.g.
4     com.gamemaker.game
5-->
6<manifest xmlns:android="http://schemas.android.com/apk/res/android"
7    package="org.libsdl.app"
8    android:installLocation="auto"
9    android:versionCode="1"
10    android:versionName="1.0" >
11
12    <uses-sdk
13        android:minSdkVersion="16"
13-->src\main\AndroidManifest.xml
14        android:targetSdkVersion="26" />
14-->src\main\AndroidManifest.xml
15
16    <!-- OpenGL ES 2.0 -->
17    <uses-feature android:glEsVersion="0x00020000" />
17-->src\main\AndroidManifest.xml:12:5-54
17-->src\main\AndroidManifest.xml:12:19-51
18
19    <!-- Touchscreen support -->
20    <uses-feature
20-->src\main\AndroidManifest.xml:15:5-17:36
21        android:name="android.hardware.touchscreen"
21-->src\main\AndroidManifest.xml:16:9-52
22        android:required="false" />
22-->src\main\AndroidManifest.xml:17:9-33
23
24    <!-- Game controller support -->
25    <uses-feature
25-->src\main\AndroidManifest.xml:20:5-22:36
26        android:name="android.hardware.gamepad"
26-->src\main\AndroidManifest.xml:21:9-48
27        android:required="false" />
27-->src\main\AndroidManifest.xml:22:9-33
28
29    <!-- External mouse input events -->
30    <uses-feature
30-->src\main\AndroidManifest.xml:25:5-27:36
31        android:name="android.hardware.type.pc"
31-->src\main\AndroidManifest.xml:26:9-48
32        android:required="false" />
32-->src\main\AndroidManifest.xml:27:9-33
33
34    <!-- Allow writing to external storage -->
35    <uses-permission android:name="android.permission.WRITE_EXTERNAL_STORAGE" />
35-->src\main\AndroidManifest.xml:30:5-81
35-->src\main\AndroidManifest.xml:30:22-78
36    <!-- Allow access to the vibrator -->
37    <uses-permission android:name="android.permission.VIBRATE" />
37-->src\main\AndroidManifest.xml:32:5-66
37-->src\main\AndroidManifest.xml:32:22-63
38
39    <!-- if you want to capture audio, uncomment this. -->
40    <!-- <uses-permission android:name="android.permission.RECORD_AUDIO" /> -->
41    <!--
42 Create a Java class extending SDLActivity and place it in a
43         directory under app/src/main/java matching the package, e.g. app/src/main/java/com/gamemaker/game/MyGame.java
44 
45         then replace "SDLActivity" with the name of your class (e.g. "MyGame")
46         in the XML below.
47
48         An example Java class can be found in README-android.md
49    -->
50    <application
50-->src\main\AndroidManifest.xml:45:5-74:19
51        android:allowBackup="true"
51-->src\main\AndroidManifest.xml:47:9-35
52        android:hardwareAccelerated="true"
52-->src\main\AndroidManifest.xml:49:9-43
53        android:icon="@mipmap/ic_launcher"
53-->src\main\AndroidManifest.xml:46:9-43
54        android:label="@string/app_name"
54-->src\main\AndroidManifest.xml:45:18-50
55        android:theme="@android:style/Theme.NoTitleBar.Fullscreen" >
55-->src\main\AndroidManifest.xml:48:9-67
56
57        <!--
58        Example of setting SDL hints from AndroidManifest.xml:
59        <meta-data android:name="SDL_ENV.SDL_ACCELEROMETER_AS_JOYSTICK" android:value="0"/>
60        -->
61
62        <activity
62-->src\main\AndroidManifest.xml:55:9-73:20
63            android:name="org.libsdl.app.SDLActivity"
63-->src\main\AndroidManifest.xml:55:19-45
64            android:alwaysRetainTaskState="true"
64-->src\main\AndroidManifest.xml:57:13-49
65            android:configChanges="orientation|uiMode|screenLayout|screenSize|smallestScreenSize|keyboard|keyboardHidden|navigation"
65-->src\main\AndroidManifest.xml:59:13-133
66            android:label="@string/app_name"
66-->src\main\AndroidManifest.xml:56:13-45
67            android:launchMode="singleInstance" >
67-->src\main\AndroidManifest.xml:58:13-48
68            <intent-filter>
68-->src\main\AndroidManifest.xml:61:13-64:29
69                <action android:name="android.intent.action.MAIN" />
69-->src\main\AndroidManifest.xml:62:17-69
69-->src\main\AndroidManifest.xml:62:25-66
70
71                <category android:name="android.intent.category.LAUNCHER" />
71-->src\main\AndroidManifest.xml:63:17-77
71-->src\main\AndroidManifest.xml:63:27-74
72            </intent-filter>
73            <!-- Drop file event -->
74            <!--
75            <intent-filter>
76                <action android:name="android.intent.action.VIEW" />
77                <category android:name="android.intent.category.DEFAULT" />
78                <data android:mimeType="*/*" />
79            </intent-filter>
80            -->
81        </activity>
82    </application>
83
84</manifest>